env: load .env
env: export EXPO_PUBLIC_ELEVENLABS_API_KEY EXPO_PUBLIC_GROQ_API_KEY EXPO_PUBLIC_HF_TOKEN EXPO_PUBLIC_SUPABASE_ANON_KEY EXPO_PUBLIC_SUPABASE_URL
Running 17 checks on your project...
node.exe : Unexpected error while running 'Check that native modules use 
compatible support package versions for installed Expo SDK' check:
At line:1 char:1
+ & "C:\Program Files\nodejs/node.exe" "C:\Users\Dell\AppData\Roaming\n ...
+ ~~~~~~~~~~~~~~~~~~~~~~~~~~~~~~~~~~~~~~~~~~~~~~~~~~~~~~~~~~~~~~~~~~~~~
    + CategoryInfo          : NotSpecified: (Unexpected erro...xpo SDK' check: 
   :String) [], RemoteException
    + FullyQualifiedErrorId : NativeCommandError
 
Error: Request timed out
14/17 checks passed. 3 checks failed. Possible issues detected:
Use the --verbose flag to see more details about passed checks.

Γ£û Check Expo config (app.json/ app.config.js) schema
Error validating fields in C:\Users\Dell\OneDrive\Desktop\Projects\portfolio\dreamly\app.json:
 Field: android - should NOT have additional property 'predictiveBackGestureEnabled'.
Advice:
Resolve schema errors in your app config. Learn more: https://docs.expo.dev/workflow/configuration/

Γ£û Check that native modules use compatible support package versions for installed Expo SDK
Γ£û Validate packages against React Native Directory package metadata
The following issues were found when validating your dependencies against React Native Directory:
  Unmaintained: expo-av
  No metadata available: @heyputer/puter.js, @huggingface/inference, buffer, uuid, ws
Advice:
Use libraries that are actively maintained and support the New Architecture. Find alternative libraries with https://reactnative.directory.
Add packages to expo.doctor.reactNativeDirectoryCheck.exclude in package.json to selectively skip validations, if the warning is not relevant.
Update React Native Directory to include metadata for unknown packages. Alternatively, set expo.doctor.reactNativeDirectoryCheck.listUnknownPackages in package.json to false to skip warnings about packages with no metadata, if the warning is not relevant.

3 checks failed, indicating possible issues with the project.
