
ΓÜá∩╕Å Detected that your app uses Expo Go for development, this is not recommended when building production apps.
Learn more: https://expo.fyi/why-not-build-expo-go-for-production
To suppress this warning, set EAS_BUILD_NO_EXPO_GO_WARNING=true.

Resolved "production" environment for the build. Learn more: https://docs.expo.dev/eas/environment-variables/#setting-the-environment-for-your-builds
No environment variables with visibility "Plain text" and "Sensitive" found for the "production" environment on EAS.
Environment variables loaded from the "production" build profile "env" configuration: NODE_OPTIONS.

node.exe : - Incrementing versionCode from 13 to 14.\ Incrementing versionCode 
from 13 to 14.| Incrementing versionCode from 13 to 14./ Incrementing 
versionCode from 13 to 14.- Incrementing versionCode from 13 to 14.\ 
Incrementing versionCode from 13 to 14.| Incrementing versionCode from 13 to 
14./ Incrementing versionCode from 13 to 14.- Incrementing versionCode from 13 
to 14.Γ£ö Incremented versionCode from 13 to 14.
At C:\Users\Dell\AppData\Roaming\npm\eas.ps1:24 char:5
+     & "node$exe"  "$basedir/node_modules/eas-cli/bin/run" $args
+     ~~~~~~~~~~~~~~~~~~~~~~~~~~~~~~~~~~~~~~~~~~~~~~~~~~~~~~~~~~~
    + CategoryInfo          : NotSpecified: (- Incrementing ... from 13 to 14. 
   :String) [], RemoteException
    + FullyQualifiedErrorId : NativeCommandError
 


Γ£ö Using remote Android credentials (Expo server)
Γ£ö Using Keystore from configuration: Build Credentials xcSAMWEjtq (default)

Compressing project files and uploading to EAS Build. Learn more: https://expo.fyi/eas-build-archive
- Compressing project files\ Compressing project files| Compressing project 
files/ Compressing project files- Compressing project files\ Compressing 
project files| Compressing project files/ Compressing project files- 
Compressing project files\ Compressing project files| Compressing project 
files/ Compressing project files- Compressing project files\ Compressing 
project files| Compressing project files/ Compressing project files- 
Compressing project files\ Compressing project files| Compressing project 
files/ Compressing project files- Compressing project files\ Compressing 
project files| Compressing project files/ Compressing project files- 
Compressing project files\ Compressing project files| Compressing project 
files/ Compressing project files- Compressing project files\ Compressing 
project files| Compressing project files/ Compressing project files- 
Compressing project files\ Compressing project files| Compressing project 
files/ Compressing project files- Compressing project files\ Compressing 
project files| Compressing project files/ Compressing project files- 
Compressing project files\ Compressing project files| Compressing project 
files/ Compressing project files- Compressing project files\ Compressing 
project files| Compressing project files/ Compressing project files- 
Compressing project files\ Compressing project files| Compressing project 
files/ Compressing project files- Compressing project files\ Compressing 
project files| Compressing project files/ Compressing project files- 
Compressing project files\ Compressing project files| Compressing project 
files/ Compressing project files- Compressing project files\ Compressing 
project files| Compressing project files/ Compressing project files- 
Compressing project files\ Compressing project files| Compressing project 
files/ Compressing project files- Compressing project files\ Compressing 
project files| Compressing project files/ Compressing project filesΓ£ö 
Compressed project files 12s (26.0 MB)
- Uploading to EAS Build (0 / 26.0 MB)\ Uploading to EAS Build (64.0 KB / 26.0 
MB)| Uploading to EAS Build (127 KB / 26.0 MB)/ Uploading to EAS Build (192 KB 
/ 26.0 MB)- Uploading to EAS Build (255 KB / 26.0 MB)\ Uploading to EAS Build 
(448 KB / 26.0 MB)| Uploading to EAS Build (576 KB / 26.0 MB)/ Uploading to 
EAS Build (640 KB / 26.0 MB)- Uploading to EAS Build (704 KB / 26.0 MB)\ 
Uploading to EAS Build (768 KB / 26.0 MB)| Uploading to EAS Build (896 KB / 
26.0 MB)/ Uploading to EAS Build (960 KB / 26.0 MB)- Uploading to EAS Build 
(1.1 MB / 26.0 MB)\ Uploading to EAS Build (1.2 MB / 26.0 MB)| Uploading to 
EAS Build (1.3 MB / 26.0 MB)/ Uploading to EAS Build (1.3 MB / 26.0 MB)- 
Uploading to EAS Build (1.4 MB / 26.0 MB)\ Uploading to EAS Build (1.4 MB / 
26.0 MB)| Uploading to EAS Build (1.6 MB / 26.0 MB)/ Uploading to EAS Build 
(1.6 MB / 26.0 MB)- Uploading to EAS Build (1.6 MB / 26.0 MB)\ Uploading to 
EAS Build (1.6 MB / 26.0 MB)| Uploading to EAS Build (1.6 MB / 26.0 MB)/ 
Uploading to EAS Build (1.6 MB / 26.0 MB)- Uploading to EAS Build (1.6 MB / 
26.0 MB)\ Uploading to EAS Build (1.6 MB / 26.0 MB)| Uploading to EAS Build 
(1.9 MB / 26.0 MB)/ Uploading to EAS Build (1.9 MB / 26.0 MB)- Uploading to 
EAS Build (1.9 MB / 26.0 MB)\ Uploading to EAS Build (2.0 MB / 26.0 MB)| 
Uploading to EAS Build (2.0 MB / 26.0 MB)/ Uploading to EAS Build (2.0 MB / 
26.0 MB)- Uploading to EAS Build (2.0 MB / 26.0 MB)\ Uploading to EAS Build 
(2.0 MB / 26.0 MB)| Uploading to EAS Build (2.0 MB / 26.0 MB)/ Uploading to 
EAS Build (2.0 MB / 26.0 MB)- Uploading to EAS Build (2.0 MB / 26.0 MB)\ 
Uploading to EAS Build (2.0 MB / 26.0 MB)| Uploading to EAS Build (2.0 MB / 
26.0 MB)/ Uploading to EAS Build (2.0 MB / 26.0 MB)- Uploading to EAS Build 
(2.0 MB / 26.0 MB)\ Uploading to EAS Build (2.0 MB / 26.0 MB)| Uploading to 
EAS Build (2.0 MB / 26.0 MB)/ Uploading to EAS Build (2.0 MB / 26.0 MB)- 
Uploading to EAS Build (2.0 MB / 26.0 MB)\ Uploading to EAS Build (2.0 MB / 
26.0 MB)| Uploading to EAS Build (2.0 MB / 26.0 MB)/ Uploading to EAS Build 
(2.0 MB / 26.0 MB)- Uploading to EAS Build (2.0 MB / 26.0 MB)\ Uploading to 
EAS Build (2.0 MB / 26.0 MB)| Uploading to EAS Build (2.0 MB / 26.0 MB)/ 
Uploading to EAS Build (2.0 MB / 26.0 MB)- Uploading to EAS Build (2.0 MB / 
26.0 MB)\ Uploading to EAS Build (2.0 MB / 26.0 MB)| Uploading to EAS Build 
(2.0 MB / 26.0 MB)/ Uploading to EAS Build (2.0 MB / 26.0 MB)- Uploading to 
EAS Build (2.0 MB / 26.0 MB)\ Uploading to EAS Build (2.0 MB / 26.0 MB)| 
Uploading to EAS Build (2.0 MB / 26.0 MB)/ Uploading to EAS Build (2.0 MB / 
26.0 MB)- Uploading to EAS Build (2.0 MB / 26.0 MB)\ Uploading to EAS Build 
(2.0 MB / 26.0 MB)| Uploading to EAS Build (2.0 MB / 26.0 MB)/ Uploading to 
EAS Build (2.0 MB / 26.0 MB)- Uploading to EAS Build (2.0 MB / 26.0 MB)\ 
Uploading to EAS Build (2.0 MB / 26.0 MB)| Uploading to EAS Build (2.0 MB / 
26.0 MB)/ Uploading to EAS Build (2.0 MB / 26.0 MB)- Uploading to EAS Build 
(2.0 MB / 26.0 MB)\ Uploading to EAS Build (2.0 MB / 26.0 MB)| Uploading to 
EAS Build (2.0 MB / 26.0 MB)/ Uploading to EAS Build (2.0 MB / 26.0 MB)- 
Uploading to EAS Build (2.0 MB / 26.0 MB)\ Uploading to EAS Build (2.0 MB / 
26.0 MB)| Uploading to EAS Build (2.0 MB / 26.0 MB)/ Uploading to EAS Build 
(2.0 MB / 26.0 MB)- Uploading to EAS Build (2.0 MB / 26.0 MB)\ Uploading to 
EAS Build (2.0 MB / 26.0 MB)| Uploading to EAS Build (2.0 MB / 26.0 MB)/ 
Uploading to EAS Build (2.0 MB / 26.0 MB)- Uploading to EAS Build (2.0 MB / 
26.0 MB)\ Uploading to EAS Build (2.0 MB / 26.0 MB)| Uploading to EAS Build 
(2.0 MB / 26.0 MB)/ Uploading to EAS Build (2.0 MB / 26.0 MB)- Uploading to 
EAS Build (2.0 MB / 26.0 MB)\ Uploading to EAS Build (2.0 MB / 26.0 MB)| 
Uploading to EAS Build (2.0 MB / 26.0 MB)/ Uploading to EAS Build (2.0 MB / 
26.0 MB)- Uploading to EAS Build (2.0 MB / 26.0 MB)\ Uploading to EAS Build 
(2.0 MB / 26.0 MB)| Uploading to EAS Build (2.0 MB / 26.0 MB)/ Uploading to 
EAS Build (2.0 MB / 26.0 MB)- Uploading to EAS Build (2.0 MB / 26.0 MB)\ 
Uploading to EAS Build (2.0 MB / 26.0 MB)| Uploading to EAS Build (2.0 MB / 
26.0 MB)/ Uploading to EAS Build (2.0 MB / 26.0 MB)- Uploading to EAS Build 
(2.0 MB / 26.0 MB)\ Uploading to EAS Build (2.0 MB / 26.0 MB)| Uploading to 
EAS Build (2.0 MB / 26.0 MB)/ Uploading to EAS Build (2.0 MB / 26.0 MB)- 
Uploading to EAS Build (2.0 MB / 26.0 MB)\ Uploading to EAS Build (2.0 MB / 
26.0 MB)| Uploading to EAS Build (2.0 MB / 26.0 MB)/ Uploading to EAS Build 
(2.0 MB / 26.0 MB)- Uploading to EAS Build (2.0 MB / 26.0 MB)\ Uploading to 
EAS Build (2.0 MB / 26.0 MB)| Uploading to EAS Build (2.0 MB / 26.0 MB)/ 
Uploading to EAS Build (2.0 MB / 26.0 MB)- Uploading to EAS Build (2.0 MB / 
26.0 MB)\ Uploading to EAS Build (2.0 MB / 26.0 MB)| Uploading to EAS Build 
(2.0 MB / 26.0 MB)/ Uploading to EAS Build (2.0 MB / 26.0 MB)- Uploading to 
EAS Build (2.0 MB / 26.0 MB)\ Uploading to EAS Build (2.0 MB / 26.0 MB)| 
Uploading to EAS Build (2.0 MB / 26.0 MB)/ Uploading to EAS Build (2.0 MB / 
26.0 MB)- Uploading to EAS Build (2.0 MB / 26.0 MB)\ Uploading to EAS Build 
(2.0 MB / 26.0 MB)| Uploading to EAS Build (2.0 MB / 26.0 MB)/ Uploading to 
EAS Build (2.0 MB / 26.0 MB)- Uploading to EAS Build (2.0 MB / 26.0 MB)\ 
Uploading to EAS Build (2.0 MB / 26.0 MB)| Uploading to EAS Build (2.0 MB / 
26.0 MB)/ Uploading to EAS Build (2.0 MB / 26.0 MB)- Uploading to EAS Build 
(2.0 MB / 26.0 MB)\ Uploading to EAS Build (2.0 MB / 26.0 MB)| Uploading to 
EAS Build (2.0 MB / 26.0 MB)/ Uploading to EAS Build (2.0 MB / 26.0 MB)- 
Uploading to EAS Build (2.0 MB / 26.0 MB)\ Uploading to EAS Build (2.0 MB / 
26.0 MB)| Uploading to EAS Build (2.0 MB / 26.0 MB)/ Uploading to EAS Build 
(2.0 MB / 26.0 MB)- Uploading to EAS Build (2.0 MB / 26.0 MB)\ Uploading to 
EAS Build (2.0 MB / 26.0 MB)| Uploading to EAS Build (2.0 MB / 26.0 MB)/ 
Uploading to EAS Build (2.0 MB / 26.0 MB)- Uploading to EAS Build (2.0 MB / 
26.0 MB)\ Uploading to EAS Build (2.0 MB / 26.0 MB)| Uploading to EAS Build 
(2.0 MB / 26.0 MB)/ Uploading to EAS Build (2.0 MB / 26.0 MB)- Uploading to 
EAS Build (2.0 MB / 26.0 MB)\ Uploading to EAS Build (2.0 MB / 26.0 MB)| 
Uploading to EAS Build (2.0 MB / 26.0 MB)/ Uploading to EAS Build (2.0 MB / 
26.0 MB)- Uploading to EAS Build (2.0 MB / 26.0 MB)\ Uploading to EAS Build 
(2.0 MB / 26.0 MB)| Uploading to EAS Build (2.0 MB / 26.0 MB)/ Uploading to 
EAS Build (2.0 MB / 26.0 MB)- Uploading to EAS Build (2.0 MB / 26.0 MB)\ 
Uploading to EAS Build (2.0 MB / 26.0 MB)| Uploading to EAS Build (2.0 MB / 
26.0 MB)/ Uploading to EAS Build (2.0 MB / 26.0 MB)- Uploading to EAS Build 
(2.0 MB / 26.0 MB)\ Uploading to EAS Build (2.0 MB / 26.0 MB)| Uploading to 
EAS Build (2.0 MB / 26.0 MB)/ Uploading to EAS Build (2.0 MB / 26.0 MB)- 
Uploading to EAS Build (2.0 MB / 26.0 MB)\ Uploading to EAS Build (2.0 MB / 
26.0 MB)| Uploading to EAS Build (2.0 MB / 26.0 MB)/ Uploading to EAS Build 
(2.0 MB / 26.0 MB)- Uploading to EAS Build (2.0 MB / 26.0 MB)\ Uploading to 
EAS Build (2.0 MB / 26.0 MB)| Uploading to EAS Build (2.0 MB / 26.0 MB)/ 
Uploading to EAS Build (2.0 MB / 26.0 MB)- Uploading to EAS Build (2.0 MB / 
26.0 MB)\ Uploading to EAS Build (2.0 MB / 26.0 MB)| Uploading to EAS Build 
(2.0 MB / 26.0 MB)/ Uploading to EAS Build (2.0 MB / 26.0 MB)- Uploading to 
EAS Build (2.0 MB / 26.0 MB)\ Uploading to EAS Build (2.0 MB / 26.0 MB)| 
Uploading to EAS Build (2.0 MB / 26.0 MB)/ Uploading to EAS Build (2.0 MB / 
26.0 MB)- Uploading to EAS Build (2.0 MB / 26.0 MB)\ Uploading to EAS Build 
(2.0 MB / 26.0 MB)| Uploading to EAS Build (2.0 MB / 26.0 MB)/ Uploading to 
EAS Build (2.0 MB / 26.0 MB)- Uploading to EAS Build (2.0 MB / 26.0 MB)\ 
Uploading to EAS Build (2.0 MB / 26.0 MB)| Uploading to EAS Build (2.0 MB / 
26.0 MB)/ Uploading to EAS Build (2.0 MB / 26.0 MB)- Uploading to EAS Build 
(2.0 MB / 26.0 MB)\ Uploading to EAS Build (2.0 MB / 26.0 MB)| Uploading to 
EAS Build (2.0 MB / 26.0 MB)/ Uploading to EAS Build (2.0 MB / 26.0 MB)- 
Uploading to EAS Build (2.0 MB / 26.0 MB)\ Uploading to EAS Build (2.0 MB / 
26.0 MB)| Uploading to EAS Build (2.0 MB / 26.0 MB)/ Uploading to EAS Build 
(2.0 MB / 26.0 MB)- Uploading to EAS Build (2.0 MB / 26.0 MB)\ Uploading to 
EAS Build (2.0 MB / 26.0 MB)| Uploading to EAS Build (2.0 MB / 26.0 MB)/ 
Uploading to EAS Build (2.0 MB / 26.0 MB)- Uploading to EAS Build (2.0 MB / 
26.0 MB)\ Uploading to EAS Build (2.0 MB / 26.0 MB)| Uploading to EAS Build 
(2.0 MB / 26.0 MB)/ Uploading to EAS Build (2.0 MB / 26.0 MB)- Uploading to 
EAS Build (2.2 MB / 26.0 MB)\ Uploading to EAS Build (2.2 MB / 26.0 MB)| 
Uploading to EAS Build (2.2 MB / 26.0 MB)/ Uploading to EAS Build (2.2 MB / 
26.0 MB)- Uploading to EAS Build (2.2 MB / 26.0 MB)\ Uploading to EAS Build 
(2.2 MB / 26.0 MB)| Uploading to EAS Build (2.2 MB / 26.0 MB)/ Uploading to 
EAS Build (2.2 MB / 26.0 MB)- Uploading to EAS Build (2.2 MB / 26.0 MB)\ 
Uploading to EAS Build (2.2 MB / 26.0 MB)| Uploading to EAS Build (2.2 MB / 
26.0 MB)/ Uploading to EAS Build (2.2 MB / 26.0 MB)- Uploading to EAS Build 
(2.2 MB / 26.0 MB)\ Uploading to EAS Build (2.2 MB / 26.0 MB)| Uploading to 
EAS Build (2.2 MB / 26.0 MB)/ Uploading to EAS Build (2.2 MB / 26.0 MB)- 
Uploading to EAS Build (2.2 MB / 26.0 MB)\ Uploading to EAS Build (2.2 MB / 
26.0 MB)| Uploading to EAS Build (2.2 MB / 26.0 MB)/ Uploading to EAS Build 
(2.2 MB / 26.0 MB)- Uploading to EAS Build (2.2 MB / 26.0 MB)\ Uploading to 
EAS Build (2.2 MB / 26.0 MB)| Uploading to EAS Build (2.2 MB / 26.0 MB)/ 
Uploading to EAS Build (2.2 MB / 26.0 MB)- Uploading to EAS Build (2.2 MB / 
26.0 MB)\ Uploading to EAS Build (2.2 MB / 26.0 MB)| Uploading to EAS Build 
(2.2 MB / 26.0 MB)/ Uploading to EAS Build (2.2 MB / 26.0 MB)- Uploading to 
EAS Build (2.2 MB / 26.0 MB)\ Uploading to EAS Build (2.2 MB / 26.0 MB)| 
Uploading to EAS Build (2.2 MB / 26.0 MB)/ Uploading to EAS Build (2.2 MB / 
26.0 MB)- Uploading to EAS Build (2.3 MB / 26.0 MB)\ Uploading to EAS Build 
(2.3 MB / 26.0 MB)| Uploading to EAS Build (2.3 MB / 26.0 MB)/ Uploading to 
EAS Build (2.3 MB / 26.0 MB)- Uploading to EAS Build (2.3 MB / 26.0 MB)\ 
Uploading to EAS Build (2.3 MB / 26.0 MB)| Uploading to EAS Build (2.3 MB / 
26.0 MB)/ Uploading to EAS Build (2.3 MB / 26.0 MB)- Uploading to EAS Build 
(2.4 MB / 26.0 MB)\ Uploading to EAS Build (2.4 MB / 26.0 MB)| Uploading to 
EAS Build (2.4 MB / 26.0 MB)/ Uploading to EAS Build (2.4 MB / 26.0 MB)- 
Uploading to EAS Build (2.4 MB / 26.0 MB)\ Uploading to EAS Build (2.4 MB / 
26.0 MB)| Uploading to EAS Build (2.4 MB / 26.0 MB)/ Uploading to EAS Build 
(2.4 MB / 26.0 MB)- Uploading to EAS Build (2.4 MB / 26.0 MB)\ Uploading to 
EAS Build (2.4 MB / 26.0 MB)| Uploading to EAS Build (2.4 MB / 26.0 MB)/ 
Uploading to EAS Build (2.4 MB / 26.0 MB)- Uploading to EAS Build (2.5 MB / 
26.0 MB)\ Uploading to EAS Build (2.5 MB / 26.0 MB)| Uploading to EAS Build 
(2.6 MB / 26.0 MB)/ Uploading to EAS Build (2.6 MB / 26.0 MB)- Uploading to 
EAS Build (2.6 MB / 26.0 MB)\ Uploading to EAS Build (2.6 MB / 26.0 MB)| 
Uploading to EAS Build (2.7 MB / 26.0 MB)/ Uploading to EAS Build (2.7 MB / 
26.0 MB)- Uploading to EAS Build (2.8 MB / 26.0 MB)\ Uploading to EAS Build 
(2.8 MB / 26.0 MB)| Uploading to EAS Build (2.8 MB / 26.0 MB)/ Uploading to 
EAS Build (2.8 MB / 26.0 MB)- Uploading to EAS Build (2.9 MB / 26.0 MB)\ 
Uploading to EAS Build (2.9 MB / 26.0 MB)| Uploading to EAS Build (3.0 MB / 
26.0 MB)/ Uploading to EAS Build (3.1 MB / 26.0 MB)- Uploading to EAS Build 
(3.1 MB / 26.0 MB)\ Uploading to EAS Build (3.2 MB / 26.0 MB)| Uploading to 
EAS Build (3.3 MB / 26.0 MB)/ Uploading to EAS Build (3.4 MB / 26.0 MB)- 
Uploading to EAS Build (3.4 MB / 26.0 MB)\ Uploading to EAS Build (3.4 MB / 
26.0 MB)| Uploading to EAS Build (3.5 MB / 26.0 MB)/ Uploading to EAS Build 
(3.6 MB / 26.0 MB)- Uploading to EAS Build (3.7 MB / 26.0 MB)\ Uploading to 
EAS Build (3.8 MB / 26.0 MB)| Uploading to EAS Build (3.8 MB / 26.0 MB)/ 
Uploading to EAS Build (3.8 MB / 26.0 MB)- Uploading to EAS Build (3.9 MB / 
26.0 MB)\ Uploading to EAS Build (3.9 MB / 26.0 MB)| Uploading to EAS Build 
(4.1 MB / 26.0 MB)/ Uploading to EAS Build (4.1 MB / 26.0 MB)- Uploading to 
EAS Build (4.2 MB / 26.0 MB)\ Uploading to EAS Build (4.3 MB / 26.0 MB)| 
Uploading to EAS Build (4.4 MB / 26.0 MB)/ Uploading to EAS Build (4.4 MB / 
26.0 MB)- Uploading to EAS Build (4.4 MB / 26.0 MB)\ Uploading to EAS Build 
(4.5 MB / 26.0 MB)| Uploading to EAS Build (4.8 MB / 26.0 MB)/ Uploading to 
EAS Build (4.9 MB / 26.0 MB)- Uploading to EAS Build (5.0 MB / 26.0 MB)\ 
Uploading to EAS Build (5.2 MB / 26.0 MB)| Uploading to EAS Build (5.3 MB / 
26.0 MB)/ Uploading to EAS Build (5.4 MB / 26.0 MB)- Uploading to EAS Build 
(5.5 MB / 26.0 MB)\ Uploading to EAS Build (5.6 MB / 26.0 MB)| Uploading to 
EAS Build (5.6 MB / 26.0 MB)/ Uploading to EAS Build (5.7 MB / 26.0 MB)- 
Uploading to EAS Build (5.7 MB / 26.0 MB)\ Uploading to EAS Build (5.8 MB / 
26.0 MB)| Uploading to EAS Build (5.8 MB / 26.0 MB)/ Uploading to EAS Build 
(5.8 MB / 26.0 MB)- Uploading to EAS Build (5.8 MB / 26.0 MB)\ Uploading to 
EAS Build (5.8 MB / 26.0 MB)| Uploading to EAS Build (5.8 MB / 26.0 MB)/ 
Uploading to EAS Build (5.8 MB / 26.0 MB)- Uploading to EAS Build (5.8 MB / 
26.0 MB)\ Uploading to EAS Build (5.8 MB / 26.0 MB)| Uploading to EAS Build 
(5.8 MB / 26.0 MB)/ Uploading to EAS Build (5.8 MB / 26.0 MB)- Uploading to 
EAS Build (5.8 MB / 26.0 MB)\ Uploading to EAS Build (5.8 MB / 26.0 MB)| 
Uploading to EAS Build (5.8 MB / 26.0 MB)/ Uploading to EAS Build (5.8 MB / 
26.0 MB)- Uploading to EAS Build (5.8 MB / 26.0 MB)\ Uploading to EAS Build 
(5.8 MB / 26.0 MB)| Uploading to EAS Build (5.8 MB / 26.0 MB)/ Uploading to 
EAS Build (5.8 MB / 26.0 MB)- Uploading to EAS Build (5.8 MB / 26.0 MB)\ 
Uploading to EAS Build (5.8 MB / 26.0 MB)| Uploading to EAS Build (5.8 MB / 
26.0 MB)/ Uploading to EAS Build (5.8 MB / 26.0 MB)- Uploading to EAS Build 
(5.8 MB / 26.0 MB)\ Uploading to EAS Build (5.8 MB / 26.0 MB)| Uploading to 
EAS Build (5.8 MB / 26.0 MB)/ Uploading to EAS Build (5.8 MB / 26.0 MB)- 
Uploading to EAS Build (5.8 MB / 26.0 MB)\ Uploading to EAS Build (5.8 MB / 
26.0 MB)| Uploading to EAS Build (5.8 MB / 26.0 MB)/ Uploading to EAS Build 
(5.8 MB / 26.0 MB)- Uploading to EAS Build (5.8 MB / 26.0 MB)\ Uploading to 
EAS Build (5.8 MB / 26.0 MB)| Uploading to EAS Build (5.8 MB / 26.0 MB)/ 
Uploading to EAS Build (5.8 MB / 26.0 MB)- Uploading to EAS Build (5.8 MB / 
26.0 MB)\ Uploading to EAS Build (5.8 MB / 26.0 MB)| Uploading to EAS Build 
(5.8 MB / 26.0 MB)/ Uploading to EAS Build (5.8 MB / 26.0 MB)- Uploading to 
EAS Build (5.8 MB / 26.0 MB)\ Uploading to EAS Build (5.8 MB / 26.0 MB)| 
Uploading to EAS Build (5.8 MB / 26.0 MB)/ Uploading to EAS Build (5.8 MB / 
26.0 MB)- Uploading to EAS Build (5.8 MB / 26.0 MB)\ Uploading to EAS Build 
(5.8 MB / 26.0 MB)| Uploading to EAS Build (5.8 MB / 26.0 MB)/ Uploading to 
EAS Build (5.8 MB / 26.0 MB)- Uploading to EAS Build (5.8 MB / 26.0 MB)\ 
Uploading to EAS Build (5.8 MB / 26.0 MB)| Uploading to EAS Build (5.8 MB / 
26.0 MB)/ Uploading to EAS Build (5.8 MB / 26.0 MB)- Uploading to EAS Build 
(5.8 MB / 26.0 MB)\ Uploading to EAS Build (5.8 MB / 26.0 MB)| Uploading to 
EAS Build (5.8 MB / 26.0 MB)/ Uploading to EAS Build (5.8 MB / 26.0 MB)- 
Uploading to EAS Build (5.8 MB / 26.0 MB)\ Uploading to EAS Build (5.8 MB / 
26.0 MB)| Uploading to EAS Build (5.8 MB / 26.0 MB)/ Uploading to EAS Build 
(5.8 MB / 26.0 MB)- Uploading to EAS Build (5.8 MB / 26.0 MB)\ Uploading to 
EAS Build (5.8 MB / 26.0 MB)| Uploading to EAS Build (5.8 MB / 26.0 MB)/ 
Uploading to EAS Build (5.8 MB / 26.0 MB)- Uploading to EAS Build (5.8 MB / 
26.0 MB)\ Uploading to EAS Build (5.8 MB / 26.0 MB)| Uploading to EAS Build 
(5.8 MB / 26.0 MB)/ Uploading to EAS Build (5.8 MB / 26.0 MB)- Uploading to 
EAS Build (5.8 MB / 26.0 MB)\ Uploading to EAS Build (5.8 MB / 26.0 MB)| 
Uploading to EAS Build (5.8 MB / 26.0 MB)/ Uploading to EAS Build (5.8 MB / 
26.0 MB)- Uploading to EAS Build (5.8 MB / 26.0 MB)\ Uploading to EAS Build 
(5.8 MB / 26.0 MB)| Uploading to EAS Build (5.8 MB / 26.0 MB)/ Uploading to 
EAS Build (5.8 MB / 26.0 MB)- Uploading to EAS Build (5.8 MB / 26.0 MB)\ 
Uploading to EAS Build (5.8 MB / 26.0 MB)| Uploading to EAS Build (5.8 MB / 
26.0 MB)/ Uploading to EAS Build (5.8 MB / 26.0 MB)- Uploading to EAS Build 
(5.8 MB / 26.0 MB)\ Uploading to EAS Build (5.8 MB / 26.0 MB)| Uploading to 
EAS Build (5.8 MB / 26.0 MB)/ Uploading to EAS Build (5.8 MB / 26.0 MB)- 
Uploading to EAS Build (5.8 MB / 26.0 MB)\ Uploading to EAS Build (5.8 MB / 
26.0 MB)| Uploading to EAS Build (5.8 MB / 26.0 MB)/ Uploading to EAS Build 
(5.8 MB / 26.0 MB)- Uploading to EAS Build (5.8 MB / 26.0 MB)\ Uploading to 
EAS Build (5.8 MB / 26.0 MB)| Uploading to EAS Build (5.8 MB / 26.0 MB)/ 
Uploading to EAS Build (5.8 MB / 26.0 MB)- Uploading to EAS Build (5.8 MB / 
26.0 MB)\ Uploading to EAS Build (5.8 MB / 26.0 MB)| Uploading to EAS Build 
(5.8 MB / 26.0 MB)/ Uploading to EAS Build (5.8 MB / 26.0 MB)- Uploading to 
EAS Build (5.8 MB / 26.0 MB)\ Uploading to EAS Build (5.8 MB / 26.0 MB)| 
Uploading to EAS Build (5.8 MB / 26.0 MB)/ Uploading to EAS Build (5.8 MB / 
26.0 MB)- Uploading to EAS Build (5.8 MB / 26.0 MB)\ Uploading to EAS Build 
(5.8 MB / 26.0 MB)| Uploading to EAS Build (5.8 MB / 26.0 MB)/ Uploading to 
EAS Build (5.8 MB / 26.0 MB)- Uploading to EAS Build (5.8 MB / 26.0 MB)\ 
Uploading to EAS Build (5.8 MB / 26.0 MB)| Uploading to EAS Build (5.8 MB / 
26.0 MB)/ Uploading to EAS Build (5.8 MB / 26.0 MB)- Uploading to EAS Build 
(5.8 MB / 26.0 MB)\ Uploading to EAS Build (5.8 MB / 26.0 MB)| Uploading to 
EAS Build (5.8 MB / 26.0 MB)/ Uploading to EAS Build (5.8 MB / 26.0 MB)- 
Uploading to EAS Build (5.8 MB / 26.0 MB)\ Uploading to EAS Build (5.8 MB / 
26.0 MB)| Uploading to EAS Build (5.8 MB / 26.0 MB)/ Uploading to EAS Build 
(5.8 MB / 26.0 MB)- Uploading to EAS Build (5.8 MB / 26.0 MB)\ Uploading to 
EAS Build (5.8 MB / 26.0 MB)| Uploading to EAS Build (5.8 MB / 26.0 MB)/ 
Uploading to EAS Build (5.8 MB / 26.0 MB)- Uploading to EAS Build (5.8 MB / 
26.0 MB)\ Uploading to EAS Build (5.8 MB / 26.0 MB)| Uploading to EAS Build 
(5.8 MB / 26.0 MB)/ Uploading to EAS Build (5.8 MB / 26.0 MB)- Uploading to 
EAS Build (5.8 MB / 26.0 MB)\ Uploading to EAS Build (5.8 MB / 26.0 MB)| 
Uploading to EAS Build (5.8 MB / 26.0 MB)/ Uploading to EAS Build (5.8 MB / 
26.0 MB)- Uploading to EAS Build (5.8 MB / 26.0 MB)\ Uploading to EAS Build 
(5.8 MB / 26.0 MB)| Uploading to EAS Build (5.8 MB / 26.0 MB)/ Uploading to 
EAS Build (5.8 MB / 26.0 MB)- Uploading to EAS Build (5.8 MB / 26.0 MB)\ 
Uploading to EAS Build (5.8 MB / 26.0 MB)| Uploading to EAS Build (5.8 MB / 
26.0 MB)/ Uploading to EAS Build (5.8 MB / 26.0 MB)- Uploading to EAS Build 
(5.8 MB / 26.0 MB)\ Uploading to EAS Build (5.8 MB / 26.0 MB)| Uploading to 
EAS Build (5.8 MB / 26.0 MB)/ Uploading to EAS Build (5.8 MB / 26.0 MB)- 
Uploading to EAS Build (5.8 MB / 26.0 MB)\ Uploading to EAS Build (5.8 MB / 
26.0 MB)| Uploading to EAS Build (5.8 MB / 26.0 MB)/ Uploading to EAS Build 
(5.8 MB / 26.0 MB)- Uploading to EAS Build (5.8 MB / 26.0 MB)\ Uploading to 
EAS Build (5.8 MB / 26.0 MB)| Uploading to EAS Build (5.8 MB / 26.0 MB)/ 
Uploading to EAS Build (5.8 MB / 26.0 MB)- Uploading to EAS Build (5.8 MB / 
26.0 MB)\ Uploading to EAS Build (5.8 MB / 26.0 MB)| Uploading to EAS Build 
(5.8 MB / 26.0 MB)/ Uploading to EAS Build (5.8 MB / 26.0 MB)- Uploading to 
EAS Build (5.8 MB / 26.0 MB)\ Uploading to EAS Build (5.8 MB / 26.0 MB)| 
Uploading to EAS Build (5.8 MB / 26.0 MB)/ Uploading to EAS Build (5.8 MB / 
26.0 MB)- Uploading to EAS Build (5.8 MB / 26.0 MB)\ Uploading to EAS Build 
(5.8 MB / 26.0 MB)| Uploading to EAS Build (5.8 MB / 26.0 MB)/ Uploading to 
EAS Build (5.8 MB / 26.0 MB)- Uploading to EAS Build (5.8 MB / 26.0 MB)\ 
Uploading to EAS Build (5.8 MB / 26.0 MB)| Uploading to EAS Build (5.8 MB / 
26.0 MB)/ Uploading to EAS Build (5.8 MB / 26.0 MB)- Uploading to EAS Build 
(5.8 MB / 26.0 MB)\ Uploading to EAS Build (5.8 MB / 26.0 MB)| Uploading to 
EAS Build (5.8 MB / 26.0 MB)/ Uploading to EAS Build (5.8 MB / 26.0 MB)- 
Uploading to EAS Build (5.8 MB / 26.0 MB)\ Uploading to EAS Build (5.8 MB / 
26.0 MB)| Uploading to EAS Build (5.8 MB / 26.0 MB)/ Uploading to EAS Build 
(5.8 MB / 26.0 MB)- Uploading to EAS Build (5.8 MB / 26.0 MB)\ Uploading to 
EAS Build (5.8 MB / 26.0 MB)| Uploading to EAS Build (5.8 MB / 26.0 MB)/ 
Uploading to EAS Build (5.8 MB / 26.0 MB)- Uploading to EAS Build (5.8 MB / 
26.0 MB)\ Uploading to EAS Build (5.8 MB / 26.0 MB)| Uploading to EAS Build 
(5.8 MB / 26.0 MB)/ Uploading to EAS Build (5.8 MB / 26.0 MB)- Uploading to 
EAS Build (5.8 MB / 26.0 MB)\ Uploading to EAS Build (5.8 MB / 26.0 MB)| 
Uploading to EAS Build (5.8 MB / 26.0 MB)/ Uploading to EAS Build (5.8 MB / 
26.0 MB)- Uploading to EAS Build (5.8 MB / 26.0 MB)\ Uploading to EAS Build 
(5.8 MB / 26.0 MB)| Uploading to EAS Build (5.8 MB / 26.0 MB)/ Uploading to 
EAS Build (5.8 MB / 26.0 MB)- Uploading to EAS Build (5.8 MB / 26.0 MB)\ 
Uploading to EAS Build (5.8 MB / 26.0 MB)| Uploading to EAS Build (5.8 MB / 
26.0 MB)/ Uploading to EAS Build (5.8 MB / 26.0 MB)- Uploading to EAS Build 
(5.8 MB / 26.0 MB)\ Uploading to EAS Build (5.8 MB / 26.0 MB)| Uploading to 
EAS Build (5.8 MB / 26.0 MB)/ Uploading to EAS Build (5.8 MB / 26.0 MB)- 
Uploading to EAS Build (5.8 MB / 26.0 MB)\ Uploading to EAS Build (5.8 MB / 
26.0 MB)| Uploading to EAS Build (5.8 MB / 26.0 MB)/ Uploading to EAS Build 
(5.8 MB / 26.0 MB)- Uploading to EAS Build (5.8 MB / 26.0 MB)\ Uploading to 
EAS Build (5.8 MB / 26.0 MB)| Uploading to EAS Build (5.8 MB / 26.0 MB)/ 
Uploading to EAS Build (5.8 MB / 26.0 MB)- Uploading to EAS Build (5.8 MB / 
26.0 MB)\ Uploading to EAS Build (5.8 MB / 26.0 MB)| Uploading to EAS Build 
(5.8 MB / 26.0 MB)/ Uploading to EAS Build (5.8 MB / 26.0 MB)- Uploading to 
EAS Build (5.8 MB / 26.0 MB)\ Uploading to EAS Build (5.8 MB / 26.0 MB)| 
Uploading to EAS Build (5.8 MB / 26.0 MB)/ Uploading to EAS Build (5.8 MB / 
26.0 MB)- Uploading to EAS Build (5.8 MB / 26.0 MB)\ Uploading to EAS Build 
(5.8 MB / 26.0 MB)| Uploading to EAS Build (5.8 MB / 26.0 MB)/ Uploading to 
EAS Build (5.8 MB / 26.0 MB)- Uploading to EAS Build (5.8 MB / 26.0 MB)\ 
Uploading to EAS Build (5.8 MB / 26.0 MB)| Uploading to EAS Build (5.8 MB / 
26.0 MB)/ Uploading to EAS Build (5.8 MB / 26.0 MB)- Uploading to EAS Build 
(5.8 MB / 26.0 MB)\ Uploading to EAS Build (5.8 MB / 26.0 MB)| Uploading to 
EAS Build (5.8 MB / 26.0 MB)/ Uploading to EAS Build (5.8 MB / 26.0 MB)- 
Uploading to EAS Build (5.8 MB / 26.0 MB)\ Uploading to EAS Build (5.8 MB / 
26.0 MB)| Uploading to EAS Build (5.8 MB / 26.0 MB)/ Uploading to EAS Build 
(5.8 MB / 26.0 MB)- Uploading to EAS Build (5.8 MB / 26.0 MB)\ Uploading to 
EAS Build (5.8 MB / 26.0 MB)| Uploading to EAS Build (5.8 MB / 26.0 MB)/ 
Uploading to EAS Build (5.8 MB / 26.0 MB)- Uploading to EAS Build (5.8 MB / 
26.0 MB)\ Uploading to EAS Build (5.8 MB / 26.0 MB)| Uploading to EAS Build 
(5.8 MB / 26.0 MB)/ Uploading to EAS Build (5.8 MB / 26.0 MB)- Uploading to 
EAS Build (5.8 MB / 26.0 MB)\ Uploading to EAS Build (5.8 MB / 26.0 MB)| 
Uploading to EAS Build (5.8 MB / 26.0 MB)/ Uploading to EAS Build (5.8 MB / 
26.0 MB)- Uploading to EAS Build (5.8 MB / 26.0 MB)\ Uploading to EAS Build 
(5.8 MB / 26.0 MB)| Uploading to EAS Build (5.8 MB / 26.0 MB)/ Uploading to 
EAS Build (5.8 MB / 26.0 MB)- Uploading to EAS Build (5.8 MB / 26.0 MB)\ 
Uploading to EAS Build (5.8 MB / 26.0 MB)| Uploading to EAS Build (5.8 MB / 
26.0 MB)/ Uploading to EAS Build (5.8 MB / 26.0 MB)- Uploading to EAS Build 
(5.8 MB / 26.0 MB)\ Uploading to EAS Build (5.8 MB / 26.0 MB)| Uploading to 
EAS Build (5.8 MB / 26.0 MB)/ Uploading to EAS Build (5.8 MB / 26.0 MB)- 
Uploading to EAS Build (5.8 MB / 26.0 MB)\ Uploading to EAS Build (5.8 MB / 
26.0 MB)| Uploading to EAS Build (5.8 MB / 26.0 MB)/ Uploading to EAS Build 
(5.8 MB / 26.0 MB)- Uploading to EAS Build (5.8 MB / 26.0 MB)\ Uploading to 
EAS Build (5.8 MB / 26.0 MB)| Uploading to EAS Build (5.8 MB / 26.0 MB)/ 
Uploading to EAS Build (5.8 MB / 26.0 MB)- Uploading to EAS Build (5.8 MB / 
26.0 MB)\ Uploading to EAS Build (5.8 MB / 26.0 MB)| Uploading to EAS Build 
(5.8 MB / 26.0 MB)/ Uploading to EAS Build (5.8 MB / 26.0 MB)- Uploading to 
EAS Build (5.9 MB / 26.0 MB)\ Uploading to EAS Build (5.9 MB / 26.0 MB)| 
Uploading to EAS Build (5.9 MB / 26.0 MB)/ Uploading to EAS Build (6.1 MB / 
26.0 MB)- Uploading to EAS Build (6.1 MB / 26.0 MB)\ Uploading to EAS Build 
(6.2 MB / 26.0 MB)| Uploading to EAS Build (6.3 MB / 26.0 MB)/ Uploading to 
EAS Build (6.4 MB / 26.0 MB)- Uploading to EAS Build (6.6 MB / 26.0 MB)\ 
Uploading to EAS Build (6.6 MB / 26.0 MB)| Uploading to EAS Build (6.7 MB / 
26.0 MB)/ Uploading to EAS Build (6.8 MB / 26.0 MB)- Uploading to EAS Build 
(6.9 MB / 26.0 MB)\ Uploading to EAS Build (7.1 MB / 26.0 MB)| Uploading to 
EAS Build (7.1 MB / 26.0 MB)/ Uploading to EAS Build (7.2 MB / 26.0 MB)- 
Uploading to EAS Build (7.3 MB / 26.0 MB)\ Uploading to EAS Build (7.3 MB / 
26.0 MB)| Uploading to EAS Build (7.4 MB / 26.0 MB)/ Uploading to EAS Build 
(7.5 MB / 26.0 MB)- Uploading to EAS Build (7.6 MB / 26.0 MB)\ Uploading to 
EAS Build (7.7 MB / 26.0 MB)| Uploading to EAS Build (7.8 MB / 26.0 MB)/ 
Uploading to EAS Build (7.9 MB / 26.0 MB)- Uploading to EAS Build (8.0 MB / 
26.0 MB)\ Uploading to EAS Build (8.1 MB / 26.0 MB)| Uploading to EAS Build 
(8.2 MB / 26.0 MB)/ Uploading to EAS Build (8.3 MB / 26.0 MB)- Uploading to 
EAS Build (8.3 MB / 26.0 MB)\ Uploading to EAS Build (8.3 MB / 26.0 MB)| 
Uploading to EAS Build (8.3 MB / 26.0 MB)/ Uploading to EAS Build (8.4 MB / 
26.0 MB)- Uploading to EAS Build (8.5 MB / 26.0 MB)\ Uploading to EAS Build 
(8.6 MB / 26.0 MB)| Uploading to EAS Build (8.6 MB / 26.0 MB)/ Uploading to 
EAS Build (8.6 MB / 26.0 MB)- Uploading to EAS Build (8.7 MB / 26.0 MB)\ 
Uploading to EAS Build (8.8 MB / 26.0 MB)| Uploading to EAS Build (8.8 MB / 
26.0 MB)/ Uploading to EAS Build (8.8 MB / 26.0 MB)- Uploading to EAS Build 
(8.9 MB / 26.0 MB)\ Uploading to EAS Build (8.9 MB / 26.0 MB)| Uploading to 
EAS Build (9.0 MB / 26.0 MB)/ Uploading to EAS Build (9.0 MB / 26.0 MB)- 
Uploading to EAS Build (9.1 MB / 26.0 MB)\ Uploading to EAS Build (9.1 MB / 
26.0 MB)| Uploading to EAS Build (9.2 MB / 26.0 MB)/ Uploading to EAS Build 
(9.2 MB / 26.0 MB)- Uploading to EAS Build (9.3 MB / 26.0 MB)\ Uploading to 
EAS Build (9.4 MB / 26.0 MB)| Uploading to EAS Build (9.4 MB / 26.0 MB)/ 
Uploading to EAS Build (9.5 MB / 26.0 MB)- Uploading to EAS Build (9.6 MB / 
26.0 MB)\ Uploading to EAS Build (9.7 MB / 26.0 MB)| Uploading to EAS Build 
(9.8 MB / 26.0 MB)/ Uploading to EAS Build (9.8 MB / 26.0 MB)- Uploading to 
EAS Build (9.9 MB / 26.0 MB)\ Uploading to EAS Build (9.9 MB / 26.0 MB)| 
Uploading to EAS Build (10.0 MB / 26.0 MB)/ Uploading to EAS Build (10.1 MB / 
26.0 MB)- Uploading to EAS Build (10.2 MB / 26.0 MB)\ Uploading to EAS Build 
(10.3 MB / 26.0 MB)| Uploading to EAS Build (10.4 MB / 26.0 MB)/ Uploading to 
EAS Build (10.5 MB / 26.0 MB)- Uploading to EAS Build (10.6 MB / 26.0 MB)\ 
Uploading to EAS Build (10.6 MB / 26.0 MB)| Uploading to EAS Build (10.7 MB / 
26.0 MB)/ Uploading to EAS Build (10.8 MB / 26.0 MB)- Uploading to EAS Build 
(10.9 MB / 26.0 MB)\ Uploading to EAS Build (10.9 MB / 26.0 MB)| Uploading to 
EAS Build (11.0 MB / 26.0 MB)/ Uploading to EAS Build (11.1 MB / 26.0 MB)- 
Uploading to EAS Build (11.2 MB / 26.0 MB)\ Uploading to EAS Build (11.3 MB / 
26.0 MB)| Uploading to EAS Build (11.4 MB / 26.0 MB)/ Uploading to EAS Build 
(11.4 MB / 26.0 MB)- Uploading to EAS Build (11.5 MB / 26.0 MB)\ Uploading to 
EAS Build (11.6 MB / 26.0 MB)| Uploading to EAS Build (11.7 MB / 26.0 MB)/ 
Uploading to EAS Build (11.8 MB / 26.0 MB)- Uploading to EAS Build (11.9 MB / 
26.0 MB)\ Uploading to EAS Build (12.0 MB / 26.0 MB)| Uploading to EAS Build 
(12.1 MB / 26.0 MB)/ Uploading to EAS Build (12.2 MB / 26.0 MB)- Uploading to 
EAS Build (12.3 MB / 26.0 MB)\ Uploading to EAS Build (12.4 MB / 26.0 MB)| 
Uploading to EAS Build (12.4 MB / 26.0 MB)/ Uploading to EAS Build (12.5 MB / 
26.0 MB)- Uploading to EAS Build (12.6 MB / 26.0 MB)\ Uploading to EAS Build 
(12.7 MB / 26.0 MB)| Uploading to EAS Build (12.8 MB / 26.0 MB)/ Uploading to 
EAS Build (12.9 MB / 26.0 MB)- Uploading to EAS Build (13.0 MB / 26.0 MB)\ 
Uploading to EAS Build (13.1 MB / 26.0 MB)| Uploading to EAS Build (13.3 MB / 
26.0 MB)/ Uploading to EAS Build (13.4 MB / 26.0 MB)- Uploading to EAS Build 
(13.4 MB / 26.0 MB)\ Uploading to EAS Build (13.6 MB / 26.0 MB)| Uploading to 
EAS Build (13.7 MB / 26.0 MB)/ Uploading to EAS Build (13.9 MB / 26.0 MB)- 
Uploading to EAS Build (14.0 MB / 26.0 MB)\ Uploading to EAS Build (14.1 MB / 
26.0 MB)| Uploading to EAS Build (14.3 MB / 26.0 MB)/ Uploading to EAS Build 
(14.4 MB / 26.0 MB)- Uploading to EAS Build (14.6 MB / 26.0 MB)\ Uploading to 
EAS Build (14.7 MB / 26.0 MB)| Uploading to EAS Build (14.9 MB / 26.0 MB)/ 
Uploading to EAS Build (15.0 MB / 26.0 MB)- Uploading to EAS Build (15.1 MB / 
26.0 MB)\ Uploading to EAS Build (15.2 MB / 26.0 MB)| Uploading to EAS Build 
(15.3 MB / 26.0 MB)/ Uploading to EAS Build (15.4 MB / 26.0 MB)- Uploading to 
EAS Build (15.5 MB / 26.0 MB)\ Uploading to EAS Build (15.6 MB / 26.0 MB)| 
Uploading to EAS Build (15.8 MB / 26.0 MB)/ Uploading to EAS Build (16.0 MB / 
26.0 MB)- Uploading to EAS Build (16.1 MB / 26.0 MB)\ Uploading to EAS Build 
(16.3 MB / 26.0 MB)| Uploading to EAS Build (16.4 MB / 26.0 MB)/ Uploading to 
EAS Build (16.6 MB / 26.0 MB)- Uploading to EAS Build (16.8 MB / 26.0 MB)\ 
Uploading to EAS Build (17.0 MB / 26.0 MB)| Uploading to EAS Build (17.1 MB / 
26.0 MB)/ Uploading to EAS Build (17.3 MB / 26.0 MB)- Uploading to EAS Build 
(17.5 MB / 26.0 MB)\ Uploading to EAS Build (17.6 MB / 26.0 MB)| Uploading to 
EAS Build (17.8 MB / 26.0 MB)/ Uploading to EAS Build (18.0 MB / 26.0 MB)- 
Uploading to EAS Build (18.1 MB / 26.0 MB)\ Uploading to EAS Build (18.1 MB / 
26.0 MB)| Uploading to EAS Build (18.2 MB / 26.0 MB)/ Uploading to EAS Build 
(18.3 MB / 26.0 MB)- Uploading to EAS Build (18.4 MB / 26.0 MB)\ Uploading to 
EAS Build (18.4 MB / 26.0 MB)| Uploading to EAS Build (18.6 MB / 26.0 MB)/ 
Uploading to EAS Build (18.8 MB / 26.0 MB)- Uploading to EAS Build (18.9 MB / 
26.0 MB)\ Uploading to EAS Build (19.1 MB / 26.0 MB)| Uploading to EAS Build 
(19.2 MB / 26.0 MB)/ Uploading to EAS Build (19.4 MB / 26.0 MB)- Uploading to 
EAS Build (20.0 MB / 26.0 MB)\ Uploading to EAS Build (20.3 MB / 26.0 MB)| 
Uploading to EAS Build (20.4 MB / 26.0 MB)/ Uploading to EAS Build (20.6 MB / 
26.0 MB)- Uploading to EAS Build (20.6 MB / 26.0 MB)\ Uploading to EAS Build 
(20.9 MB / 26.0 MB)| Uploading to EAS Build (21.1 MB / 26.0 MB)/ Uploading to 
EAS Build (21.2 MB / 26.0 MB)- Uploading to EAS Build (21.4 MB / 26.0 MB)\ 
Uploading to EAS Build (21.7 MB / 26.0 MB)| Uploading to EAS Build (21.8 MB / 
26.0 MB)/ Uploading to EAS Build (21.9 MB / 26.0 MB)- Uploading to EAS Build 
(22.0 MB / 26.0 MB)\ Uploading to EAS Build (22.1 MB / 26.0 MB)| Uploading to 
EAS Build (22.3 MB / 26.0 MB)/ Uploading to EAS Build (22.3 MB / 26.0 MB)- 
Uploading to EAS Build (22.4 MB / 26.0 MB)\ Uploading to EAS Build (22.6 MB / 
26.0 MB)| Uploading to EAS Build (22.6 MB / 26.0 MB)/ Uploading to EAS Build 
(22.7 MB / 26.0 MB)- Uploading to EAS Build (22.9 MB / 26.0 MB)\ Uploading to 
EAS Build (22.9 MB / 26.0 MB)| Uploading to EAS Build (23.1 MB / 26.0 MB)/ 
Uploading to EAS Build (23.3 MB / 26.0 MB)- Uploading to EAS Build (23.4 MB / 
26.0 MB)\ Uploading to EAS Build (23.6 MB / 26.0 MB)| Uploading to EAS Build 
(23.8 MB / 26.0 MB)/ Uploading to EAS Build (23.9 MB / 26.0 MB)- Uploading to 
EAS Build (24.1 MB / 26.0 MB)\ Uploading to EAS Build (24.3 MB / 26.0 MB)| 
Uploading to EAS Build (24.4 MB / 26.0 MB)/ Uploading to EAS Build (24.5 MB / 
26.0 MB)- Uploading to EAS Build (24.6 MB / 26.0 MB)\ Uploading to EAS Build 
(24.8 MB / 26.0 MB)| Uploading to EAS Build (24.9 MB / 26.0 MB)/ Uploading to 
EAS Build (25.0 MB / 26.0 MB)- Uploading to EAS Build (25.1 MB / 26.0 MB)\ 
Uploading to EAS Build (25.3 MB / 26.0 MB)| Uploading to EAS Build (25.4 MB / 
26.0 MB)/ Uploading to EAS Build (25.6 MB / 26.0 MB)- Uploading to EAS Build 
(25.8 MB / 26.0 MB)\ Uploading to EAS Build (25.8 MB / 26.0 MB)| Uploading to 
EAS Build (26.0 MB / 26.0 MB)/ Uploading to EAS Build (26.0 MB / 26.0 MB)- 
Uploading to EAS Build (26.0 MB / 26.0 MB)\ Uploading to EAS Build (26.0 MB / 
26.0 MB)| Uploading to EAS Build (26.0 MB / 26.0 MB)/ Uploading to EAS Build 
(26.0 MB / 26.0 MB)- Uploading to EAS Build (26.0 MB / 26.0 MB)\ Uploading to 
EAS Build (26.0 MB / 26.0 MB)| Uploading to EAS Build (26.0 MB / 26.0 MB)Γ£ö 
Uploaded to EAS 1m 44s
Γî¢∩╕Å Computing the project fingerprint is taking longer than expected...
ΓÅ⌐ To skip this step, set the environment variable: EAS_SKIP_AUTO_FINGERPRINT=1
- Computing project fingerprint\ Computing project fingerprint| Computing 
project fingerprint/ Computing project fingerprint- Computing project 
fingerprint\ Computing project fingerprint| Computing project fingerprint/ 
Computing project fingerprint- Computing project fingerprint\ Computing 
project fingerprint| Computing project fingerprint/ Computing project 
fingerprint- Computing project fingerprint\ Computing project fingerprint| 
Computing project fingerprint/ Computing project fingerprint- Computing 
project fingerprint\ Computing project fingerprint| Computing project 
fingerprint/ Computing project fingerprint- Computing project fingerprint\ 
Computing project fingerprint| Computing project fingerprint/ Computing 
project fingerprint- Computing project fingerprint\ Computing project 
fingerprint| Computing project fingerprint/ Computing project fingerprint- 
Computing project fingerprint\ Computing project fingerprint| Computing 
project fingerprint/ Computing project fingerprint- Computing project 
fingerprint\ Computing project fingerprint| Computing project fingerprint/ 
Computing project fingerprint- Computing project fingerprint- Computing 
project fingerprint\ Computing project fingerprint| Computing project 
fingerprint/ Computing project fingerprint- Computing project fingerprint\ 
Computing project fingerprint| Computing project fingerprint/ Computing 
project fingerprint- Computing project fingerprint\ Computing project 
fingerprint| Computing project fingerprint/ Computing project fingerprint- 
Computing project fingerprint\ Computing project fingerprint| Computing 
project fingerprint/ Computing project fingerprint- Computing project 
fingerprint\ Computing project fingerprint| Computing project fingerprint/ 
Computing project fingerprint- Computing project fingerprint\ Computing 
project fingerprint| Computing project fingerprint/ Computing project 
fingerprint- Computing project fingerprint\ Computing project fingerprint| 
Computing project fingerprint/ Computing project fingerprint- Computing 
project fingerprint\ Computing project fingerprint| Computing project 
fingerprint/ Computing project fingerprintΓ£ö Computed project fingerprint

See logs: https://expo.dev/accounts/nicoconuty/projects/dreamly/builds/febea94d-faa2-4e4f-a867-4d8d9a94bc57

Waiting for build to complete. You can press Ctrl+C to exit.
