env: load .env
env: export EXPO_PUBLIC_GROQ_API_KEY EXPO_PUBLIC_SUPABASE_URL EXPO_PUBLIC_SUPABASE_ANON_KEY EXPO_PUBLIC_ELEVENLABS_API_KEY EXPO_PUBLIC_HF_TOKEN
Starting Metro Bundler
warning: Bundler cache is empty, rebuilding (this may take a minute)
Android Bundled 136734ms node_modules\expo-router\entry.js (1327 modules)

ΓÇ║ Assets (49):
assets\fonts\SpaceMono-Regular.ttf (93.3 kB)
assets\sounds\fire.mp3 (1.96 MB)
assets\sounds\forest.mp3 (6.82 MB)
assets\sounds\magic.mp3 (5.76 MB)
assets\sounds\ocean.mp3 (4.23 MB)
assets\sounds\rain.mp3 (961 kB)
assets\sounds\space.mp3 (7.68 MB)
node_modules\@expo\vector-icons\build\vendor\react-native-vector-icons\Fonts\AntDesign.ttf (70.3 kB)
node_modules\@expo\vector-icons\build\vendor\react-native-vector-icons\Fonts\Entypo.ttf (66.2 kB)
node_modules\@expo\vector-icons\build\vendor\react-native-vector-icons\Fonts\EvilIcons.ttf (13.5 kB)
node_modules\@expo\vector-icons\build\vendor\react-native-vector-icons\Fonts\Feather.ttf (56.2 kB)
node_modules\@expo\vector-icons\build\vendor\react-native-vector-icons\Fonts\FontAwesome.ttf (166 kB)
node_modules\@expo\vector-icons\build\vendor\react-native-vector-icons\Fonts\FontAwesome5_Brands.ttf (134 kB)
node_modules\@expo\vector-icons\build\vendor\react-native-vector-icons\Fonts\FontAwesome5_Regular.ttf (33.7 kB)
node_modules\@expo\vector-icons\build\vendor\react-native-vector-icons\Fonts\FontAwesome5_Solid.ttf (203 kB)
node_modules\@expo\vector-icons\build\vendor\react-native-vector-icons\Fonts\FontAwesome6_Brands.ttf (209 kB)
node_modules\@expo\vector-icons\build\vendor\react-native-vector-icons\Fonts\FontAwesome6_Regular.ttf (68 kB)
node_modules\@expo\vector-icons\build\vendor\react-native-vector-icons\Fonts\FontAwesome6_Solid.ttf (424 kB)
node_modules\@expo\vector-icons\build\vendor\react-native-vector-icons\Fonts\Fontisto.ttf (314 kB)
node_modules\@expo\vector-icons\build\vendor\react-native-vector-icons\Fonts\Foundation.ttf (57 kB)
node_modules\@expo\vector-icons\build\vendor\react-native-vector-icons\Fonts\Ionicons.ttf (443 kB)
node_modules\@expo\vector-icons\build\vendor\react-native-vector-icons\Fonts\MaterialCommunityIcons.ttf (1.15 MB)
node_modules\@expo\vector-icons\build\vendor\react-native-vector-icons\Fonts\MaterialIcons.ttf (357 kB)
node_modules\@expo\vector-icons\build\vendor\react-native-vector-icons\Fonts\Octicons.ttf (49.4 kB)
node_modules\@expo\vector-icons\build\vendor\react-native-vector-icons\Fonts\SimpleLineIcons.ttf (54.1 kB)
node_modules\@expo\vector-icons\build\vendor\react-native-vector-icons\Fonts\Zocial.ttf (25.8 kB)
node_modules\@react-navigation\elements\lib\module\assets\back-icon-mask.png (653 B)
node_modules\@react-navigation\elements\lib\module\assets\back-icon.png (4 variations | 152 B)
node_modules\@react-navigation\elements\lib\module\assets\clear-icon.png (4 variations | 425 B)
node_modules\@react-navigation\elements\lib\module\assets\close-icon.png (4 variations | 235 B)
node_modules\@react-navigation\elements\lib\module\assets\search-icon.png (4 variations | 599 B)
node_modules\expo-router\assets\error.png (469 B)
node_modules\expo-router\assets\file.png (138 B)
node_modules\expo-router\assets\forward.png (188 B)
node_modules\expo-router\assets\pkg.png (364 B)
node_modules\expo-router\assets\sitemap.png (465 B)
node_modules\expo-router\assets\unmatched.png (4.75 kB)

ΓÇ║ android bundles (1):
_expo/static/js/android/entry-771c55807f64b78899527108d56f2bde.hbc (4.63 MB)

ΓÇ║ Files (1):
metadata.json (3.41 kB)

Exported: dist
